# JRE version: Java(TM) SE Runtime Environment (8.0) (build 1.8.0_371-b11)
# Java VM: Java HotSpot(TM) Client VM (25.371-b11 mixed mode windows-x86 )
Heap:
 def new generation   total 110720K, used 29293K [0x04600000, 0x0be20000, 0x12f50000)
  eden space 98432K,  23% used [0x04600000, 0x05c27e98, 0x0a620000)
  from space 12288K,  53% used [0x0a620000, 0x0ac935c8, 0x0b220000)
  to   space 12288K,   0% used [0x0b220000, 0x0b220000, 0x0be20000)
 tenured generation   total 245884K, used 159392K [0x12f50000, 0x21f6f000, 0x30200000)
   the space 245884K,  64% used [0x12f50000, 0x1caf8338, 0x1caf8400, 0x21f6f000)
 Metaspace       used 34665K, capacity 35345K, committed 35456K, reserved 36224K
GC Heap History (10 events):
Event: 122.959 GC heap before
{Heap before GC invocations=117 (full 8):
 def new generation   total 110720K, used 106044K [0x04600000, 0x0be20000, 0x12f50000)
  eden space 98432K, 100% used [0x04600000, 0x0a620000, 0x0a620000)
  from space 12288K,  61% used [0x0b220000, 0x0b98f070, 0x0be20000)
  to   space 12288K,   0% used [0x0a620000, 0x0a620000, 0x0b220000)
 tenured generation   total 245884K, used 154421K [0x12f50000, 0x21f6f000, 0x30200000)
   the space 245884K,  62% used [0x12f50000, 0x1c61d5b8, 0x1c61d600, 0x21f6f000)
 Metaspace       used 34658K, capacity 35310K, committed 35456K, reserved 36224K
Event: 122.975 GC heap after
Heap after GC invocations=118 (full 8):
 def new generation   total 110720K, used 6561K [0x04600000, 0x0be20000, 0x12f50000)
  eden space 98432K,   0% used [0x04600000, 0x04600000, 0x0a620000)
  from space 12288K,  53% used [0x0a620000, 0x0ac886d0, 0x0b220000)
  to   space 12288K,   0% used [0x0b220000, 0x0b220000, 0x0be20000)
 tenured generation   total 245884K, used 156883K [0x12f50000, 0x21f6f000, 0x30200000)
   the space 245884K,  63% used [0x12f50000, 0x1c884c88, 0x1c884e00, 0x21f6f000)
 Metaspace       used 34658K, capacity 35310K, committed 35456K, reserved 36224K
}
Event: 125.475 GC heap before
{Heap before GC invocations=118 (full 8):
 def new generation   total 110720K, used 104993K [0x04600000, 0x0be20000, 0x12f50000)
  eden space 98432K, 100% used [0x04600000, 0x0a620000, 0x0a620000)
  from space 12288K,  53% used [0x0a620000, 0x0ac886d0, 0x0b220000)
  to   space 12288K,   0% used [0x0b220000, 0x0b220000, 0x0be20000)
 tenured generation   total 245884K, used 156883K [0x12f50000, 0x21f6f000, 0x30200000)
   the space 245884K,  63% used [0x12f50000, 0x1c884c88, 0x1c884e00, 0x21f6f000)
 Metaspace       used 34658K, capacity 35310K, committed 35456K, reserved 36224K
Event: 125.490 GC heap after
Heap after GC invocations=119 (full 8):
 def new generation   total 110720K, used 6692K [0x04600000, 0x0be20000, 0x12f50000)
  eden space 98432K,   0% used [0x04600000, 0x04600000, 0x0a620000)
  from space 12288K,  54% used [0x0b220000, 0x0b8a91c0, 0x0be20000)
  to   space 12288K,   0% used [0x0a620000, 0x0a620000, 0x0b220000)
 tenured generation   total 245884K, used 157857K [0x12f50000, 0x21f6f000, 0x30200000)
   the space 245884K,  64% used [0x12f50000, 0x1c978528, 0x1c978600, 0x21f6f000)
 Metaspace       used 34658K, capacity 35310K, committed 35456K, reserved 36224K
}
Event: 128.640 GC heap before
{Heap before GC invocations=119 (full 8):
 def new generation   total 110720K, used 105124K [0x04600000, 0x0be20000, 0x12f50000)
  eden space 98432K, 100% used [0x04600000, 0x0a620000, 0x0a620000)
  from space 12288K,  54% used [0x0b220000, 0x0b8a91c0, 0x0be20000)
  to   space 12288K,   0% used [0x0a620000, 0x0a620000, 0x0b220000)
 tenured generation   total 245884K, used 157857K [0x12f50000, 0x21f6f000, 0x30200000)
   the space 245884K,  64% used [0x12f50000, 0x1c978528, 0x1c978600, 0x21f6f000)
 Metaspace       used 34658K, capacity 35310K, committed 35456K, reserved 36224K
Event: 128.657 GC heap after
Heap after GC invocations=120 (full 8):
 def new generation   total 110720K, used 5520K [0x04600000, 0x0be20000, 0x12f50000)
  eden space 98432K,   0% used [0x04600000, 0x04600000, 0x0a620000)
  from space 12288K,  44% used [0x0a620000, 0x0ab84068, 0x0b220000)
  to   space 12288K,   0% used [0x0b220000, 0x0b220000, 0x0be20000)
 tenured generation   total 245884K, used 159392K [0x12f50000, 0x21f6f000, 0x30200000)
   the space 245884K,  64% used [0x12f50000, 0x1caf8338, 0x1caf8400, 0x21f6f000)
 Metaspace       used 34658K, capacity 35310K, committed 35456K, reserved 36224K
}
Event: 132.038 GC heap before
{Heap before GC invocations=120 (full 8):
 def new generation   total 110720K, used 103952K [0x04600000, 0x0be20000, 0x12f50000)
  eden space 98432K, 100% used [0x04600000, 0x0a620000, 0x0a620000)
  from space 12288K,  44% used [0x0a620000, 0x0ab84068, 0x0b220000)
  to   space 12288K,   0% used [0x0b220000, 0x0b220000, 0x0be20000)
 tenured generation   total 245884K, used 159392K [0x12f50000, 0x21f6f000, 0x30200000)
   the space 245884K,  64% used [0x12f50000, 0x1caf8338, 0x1caf8400, 0x21f6f000)
 Metaspace       used 34665K, capacity 35345K, committed 35456K, reserved 36224K
Event: 132.053 GC heap after
Heap after GC invocations=121 (full 8):
 def new generation   total 110720K, used 6008K [0x04600000, 0x0be20000, 0x12f50000)
  eden space 98432K,   0% used [0x04600000, 0x04600000, 0x0a620000)
  from space 12288K,  48% used [0x0b220000, 0x0b7fe180, 0x0be20000)
  to   space 12288K,   0% used [0x0a620000, 0x0a620000, 0x0b220000)
 tenured generation   total 245884K, used 159392K [0x12f50000, 0x21f6f000, 0x30200000)
   the space 245884K,  64% used [0x12f50000, 0x1caf8338, 0x1caf8400, 0x21f6f000)
 Metaspace       used 34665K, capacity 35345K, committed 35456K, reserved 36224K
}
Event: 134.635 GC heap before
{Heap before GC invocations=121 (full 8):
 def new generation   total 110720K, used 104440K [0x04600000, 0x0be20000, 0x12f50000)
  eden space 98432K, 100% used [0x04600000, 0x0a620000, 0x0a620000)
  from space 12288K,  48% used [0x0b220000, 0x0b7fe180, 0x0be20000)
  to   space 12288K,   0% used [0x0a620000, 0x0a620000, 0x0b220000)
 tenured generation   total 245884K, used 159392K [0x12f50000, 0x21f6f000, 0x30200000)
   the space 245884K,  64% used [0x12f50000, 0x1caf8338, 0x1caf8400, 0x21f6f000)
 Metaspace       used 34665K, capacity 35345K, committed 35456K, reserved 36224K
Event: 134.654 GC heap after
Heap after GC invocations=122 (full 8):
 def new generation   total 110720K, used 6605K [0x04600000, 0x0be20000, 0x12f50000)
  eden space 98432K,   0% used [0x04600000, 0x04600000, 0x0a620000)
  from space 12288K,  53% used [0x0a620000, 0x0ac935c8, 0x0b220000)
  to   space 12288K,   0% used [0x0b220000, 0x0b220000, 0x0be20000)
 tenured generation   total 245884K, used 159392K [0x12f50000, 0x21f6f000, 0x30200000)
   the space 245884K,  64% used [0x12f50000, 0x1caf8338, 0x1caf8400, 0x21f6f000)
 Metaspace       used 34665K, capacity 35345K, committed 35456K, reserved 36224K
}

