# JRE version: Java(TM) SE Runtime Environment (8.0) (build 1.8.0_371-b11)
# Java VM: Java HotSpot(TM) Client VM (25.371-b11 mixed mode windows-x86 )
Heap:
 def new generation   total 136192K, used 16889K [0x04a00000, 0x0ddc0000, 0x0e000000)
  eden space 121088K,  13% used [0x04a00000, 0x05a397c0, 0x0c040000)
  from space 15104K,   1% used [0x0c040000, 0x0c084cf0, 0x0cf00000)
  to   space 15104K,   0% used [0x0cf00000, 0x0cf00000, 0x0ddc0000)
 tenured generation   total 302484K, used 144935K [0x0e000000, 0x20765000, 0x20c00000)
   the space 302484K,  47% used [0x0e000000, 0x16d89cd0, 0x16d89e00, 0x20765000)
 Metaspace       used 34876K, capacity 35541K, committed 35584K, reserved 36224K
GC Heap History (10 events):
Event: 1335.560 GC heap before
{Heap before GC invocations=156 (full 28):
 def new generation   total 136192K, used 121346K [0x04a00000, 0x0ddc0000, 0x0e000000)
  eden space 121088K, 100% used [0x04a00000, 0x0c040000, 0x0c040000)
  from space 15104K,   1% used [0x0cf00000, 0x0cf40898, 0x0ddc0000)
  to   space 15104K,   0% used [0x0c040000, 0x0c040000, 0x0cf00000)
 tenured generation   total 302484K, used 144935K [0x0e000000, 0x20765000, 0x20c00000)
   the space 302484K,  47% used [0x0e000000, 0x16d89cd0, 0x16d89e00, 0x20765000)
 Metaspace       used 34875K, capacity 35539K, committed 35584K, reserved 36224K
Event: 1335.564 GC heap after
Heap after GC invocations=157 (full 28):
 def new generation   total 136192K, used 258K [0x04a00000, 0x0ddc0000, 0x0e000000)
  eden space 121088K,   0% used [0x04a00000, 0x04a00000, 0x0c040000)
  from space 15104K,   1% used [0x0c040000, 0x0c080aa8, 0x0cf00000)
  to   space 15104K,   0% used [0x0cf00000, 0x0cf00000, 0x0ddc0000)
 tenured generation   total 302484K, used 144935K [0x0e000000, 0x20765000, 0x20c00000)
   the space 302484K,  47% used [0x0e000000, 0x16d89cd0, 0x16d89e00, 0x20765000)
 Metaspace       used 34875K, capacity 35539K, committed 35584K, reserved 36224K
}
Event: 1346.159 GC heap before
{Heap before GC invocations=157 (full 28):
 def new generation   total 136192K, used 121346K [0x04a00000, 0x0ddc0000, 0x0e000000)
  eden space 121088K, 100% used [0x04a00000, 0x0c040000, 0x0c040000)
  from space 15104K,   1% used [0x0c040000, 0x0c080aa8, 0x0cf00000)
  to   space 15104K,   0% used [0x0cf00000, 0x0cf00000, 0x0ddc0000)
 tenured generation   total 302484K, used 144935K [0x0e000000, 0x20765000, 0x20c00000)
   the space 302484K,  47% used [0x0e000000, 0x16d89cd0, 0x16d89e00, 0x20765000)
 Metaspace       used 34875K, capacity 35539K, committed 35584K, reserved 36224K
Event: 1346.163 GC heap after
Heap after GC invocations=158 (full 28):
 def new generation   total 136192K, used 258K [0x04a00000, 0x0ddc0000, 0x0e000000)
  eden space 121088K,   0% used [0x04a00000, 0x04a00000, 0x0c040000)
  from space 15104K,   1% used [0x0cf00000, 0x0cf40820, 0x0ddc0000)
  to   space 15104K,   0% used [0x0c040000, 0x0c040000, 0x0cf00000)
 tenured generation   total 302484K, used 144935K [0x0e000000, 0x20765000, 0x20c00000)
   the space 302484K,  47% used [0x0e000000, 0x16d89cd0, 0x16d89e00, 0x20765000)
 Metaspace       used 34875K, capacity 35539K, committed 35584K, reserved 36224K
}
Event: 1355.465 GC heap before
{Heap before GC invocations=158 (full 28):
 def new generation   total 136192K, used 121346K [0x04a00000, 0x0ddc0000, 0x0e000000)
  eden space 121088K, 100% used [0x04a00000, 0x0c040000, 0x0c040000)
  from space 15104K,   1% used [0x0cf00000, 0x0cf40820, 0x0ddc0000)
  to   space 15104K,   0% used [0x0c040000, 0x0c040000, 0x0cf00000)
 tenured generation   total 302484K, used 144935K [0x0e000000, 0x20765000, 0x20c00000)
   the space 302484K,  47% used [0x0e000000, 0x16d89cd0, 0x16d89e00, 0x20765000)
 Metaspace       used 34876K, capacity 35541K, committed 35584K, reserved 36224K
Event: 1355.469 GC heap after
Heap after GC invocations=159 (full 28):
 def new generation   total 136192K, used 275K [0x04a00000, 0x0ddc0000, 0x0e000000)
  eden space 121088K,   0% used [0x04a00000, 0x04a00000, 0x0c040000)
  from space 15104K,   1% used [0x0c040000, 0x0c084cf8, 0x0cf00000)
  to   space 15104K,   0% used [0x0cf00000, 0x0cf00000, 0x0ddc0000)
 tenured generation   total 302484K, used 144935K [0x0e000000, 0x20765000, 0x20c00000)
   the space 302484K,  47% used [0x0e000000, 0x16d89cd0, 0x16d89e00, 0x20765000)
 Metaspace       used 34876K, capacity 35541K, committed 35584K, reserved 36224K
}
Event: 1363.506 GC heap before
{Heap before GC invocations=159 (full 28):
 def new generation   total 136192K, used 121363K [0x04a00000, 0x0ddc0000, 0x0e000000)
  eden space 121088K, 100% used [0x04a00000, 0x0c040000, 0x0c040000)
  from space 15104K,   1% used [0x0c040000, 0x0c084cf8, 0x0cf00000)
  to   space 15104K,   0% used [0x0cf00000, 0x0cf00000, 0x0ddc0000)
 tenured generation   total 302484K, used 144935K [0x0e000000, 0x20765000, 0x20c00000)
   the space 302484K,  47% used [0x0e000000, 0x16d89cd0, 0x16d89e00, 0x20765000)
 Metaspace       used 34876K, capacity 35541K, committed 35584K, reserved 36224K
Event: 1363.510 GC heap after
Heap after GC invocations=160 (full 28):
 def new generation   total 136192K, used 275K [0x04a00000, 0x0ddc0000, 0x0e000000)
  eden space 121088K,   0% used [0x04a00000, 0x04a00000, 0x0c040000)
  from space 15104K,   1% used [0x0cf00000, 0x0cf44cc8, 0x0ddc0000)
  to   space 15104K,   0% used [0x0c040000, 0x0c040000, 0x0cf00000)
 tenured generation   total 302484K, used 144935K [0x0e000000, 0x20765000, 0x20c00000)
   the space 302484K,  47% used [0x0e000000, 0x16d89cd0, 0x16d89e00, 0x20765000)
 Metaspace       used 34876K, capacity 35541K, committed 35584K, reserved 36224K
}
Event: 1371.325 GC heap before
{Heap before GC invocations=160 (full 28):
 def new generation   total 136192K, used 121363K [0x04a00000, 0x0ddc0000, 0x0e000000)
  eden space 121088K, 100% used [0x04a00000, 0x0c040000, 0x0c040000)
  from space 15104K,   1% used [0x0cf00000, 0x0cf44cc8, 0x0ddc0000)
  to   space 15104K,   0% used [0x0c040000, 0x0c040000, 0x0cf00000)
 tenured generation   total 302484K, used 144935K [0x0e000000, 0x20765000, 0x20c00000)
   the space 302484K,  47% used [0x0e000000, 0x16d89cd0, 0x16d89e00, 0x20765000)
 Metaspace       used 34876K, capacity 35541K, committed 35584K, reserved 36224K
Event: 1371.329 GC heap after
Heap after GC invocations=161 (full 28):
 def new generation   total 136192K, used 275K [0x04a00000, 0x0ddc0000, 0x0e000000)
  eden space 121088K,   0% used [0x04a00000, 0x04a00000, 0x0c040000)
  from space 15104K,   1% used [0x0c040000, 0x0c084cf0, 0x0cf00000)
  to   space 15104K,   0% used [0x0cf00000, 0x0cf00000, 0x0ddc0000)
 tenured generation   total 302484K, used 144935K [0x0e000000, 0x20765000, 0x20c00000)
   the space 302484K,  47% used [0x0e000000, 0x16d89cd0, 0x16d89e00, 0x20765000)
 Metaspace       used 34876K, capacity 35541K, committed 35584K, reserved 36224K
}

