# JRE version: Java(TM) SE Runtime Environment (8.0) (build 1.8.0_371-b11)
# Java VM: Java HotSpot(TM) Client VM (25.371-b11 mixed mode windows-x86 )
Heap:
 def new generation   total 138240K, used 24711K [0x04a00000, 0x0e000000, 0x0e000000)
  eden space 122880K,  20% used [0x04a00000, 0x06221ba0, 0x0c200000)
  from space 15360K,   0% used [0x0c200000, 0x0c200448, 0x0d100000)
  to   space 15360K,   0% used [0x0d100000, 0x0d100000, 0x0e000000)
 tenured generation   total 307200K, used 279534K [0x0e000000, 0x20c00000, 0x20c00000)
   the space 307200K,  90% used [0x0e000000, 0x1f0fb958, 0x1f0fba00, 0x20c00000)
 Metaspace       used 35381K, capacity 36064K, committed 36096K, reserved 36224K
GC Heap History (10 events):
Event: 2395.742 GC heap before
{Heap before GC invocations=363 (full 43):
 def new generation   total 138240K, used 123138K [0x04a00000, 0x0e000000, 0x0e000000)
  eden space 122880K, 100% used [0x04a00000, 0x0c200000, 0x0c200000)
  from space 15360K,   1% used [0x0d100000, 0x0d140a20, 0x0e000000)
  to   space 15360K,   0% used [0x0c200000, 0x0c200000, 0x0d100000)
 tenured generation   total 307200K, used 279276K [0x0e000000, 0x20c00000, 0x20c00000)
   the space 307200K,  90% used [0x0e000000, 0x1f0bb398, 0x1f0bb400, 0x20c00000)
 Metaspace       used 35381K, capacity 36064K, committed 36096K, reserved 36224K
Event: 2395.745 GC heap after
Heap after GC invocations=364 (full 43):
 def new generation   total 138240K, used 258K [0x04a00000, 0x0e000000, 0x0e000000)
  eden space 122880K,   0% used [0x04a00000, 0x04a00000, 0x0c200000)
  from space 15360K,   1% used [0x0c200000, 0x0c240a18, 0x0d100000)
  to   space 15360K,   0% used [0x0d100000, 0x0d100000, 0x0e000000)
 tenured generation   total 307200K, used 279276K [0x0e000000, 0x20c00000, 0x20c00000)
   the space 307200K,  90% used [0x0e000000, 0x1f0bb398, 0x1f0bb400, 0x20c00000)
 Metaspace       used 35381K, capacity 36064K, committed 36096K, reserved 36224K
}
Event: 2402.059 GC heap before
{Heap before GC invocations=364 (full 43):
 def new generation   total 138240K, used 123138K [0x04a00000, 0x0e000000, 0x0e000000)
  eden space 122880K, 100% used [0x04a00000, 0x0c200000, 0x0c200000)
  from space 15360K,   1% used [0x0c200000, 0x0c240a18, 0x0d100000)
  to   space 15360K,   0% used [0x0d100000, 0x0d100000, 0x0e000000)
 tenured generation   total 307200K, used 279276K [0x0e000000, 0x20c00000, 0x20c00000)
   the space 307200K,  90% used [0x0e000000, 0x1f0bb398, 0x1f0bb400, 0x20c00000)
 Metaspace       used 35381K, capacity 36064K, committed 36096K, reserved 36224K
Event: 2402.064 GC heap after
Heap after GC invocations=365 (full 43):
 def new generation   total 138240K, used 1K [0x04a00000, 0x0e000000, 0x0e000000)
  eden space 122880K,   0% used [0x04a00000, 0x04a00000, 0x0c200000)
  from space 15360K,   0% used [0x0d100000, 0x0d1004d0, 0x0e000000)
  to   space 15360K,   0% used [0x0c200000, 0x0c200000, 0x0d100000)
 tenured generation   total 307200K, used 279534K [0x0e000000, 0x20c00000, 0x20c00000)
   the space 307200K,  90% used [0x0e000000, 0x1f0fb958, 0x1f0fba00, 0x20c00000)
 Metaspace       used 35381K, capacity 36064K, committed 36096K, reserved 36224K
}
Event: 2408.237 GC heap before
{Heap before GC invocations=365 (full 43):
 def new generation   total 138240K, used 122881K [0x04a00000, 0x0e000000, 0x0e000000)
  eden space 122880K, 100% used [0x04a00000, 0x0c200000, 0x0c200000)
  from space 15360K,   0% used [0x0d100000, 0x0d1004d0, 0x0e000000)
  to   space 15360K,   0% used [0x0c200000, 0x0c200000, 0x0d100000)
 tenured generation   total 307200K, used 279534K [0x0e000000, 0x20c00000, 0x20c00000)
   the space 307200K,  90% used [0x0e000000, 0x1f0fb958, 0x1f0fba00, 0x20c00000)
 Metaspace       used 35381K, capacity 36064K, committed 36096K, reserved 36224K
Event: 2408.241 GC heap after
Heap after GC invocations=366 (full 43):
 def new generation   total 138240K, used 1K [0x04a00000, 0x0e000000, 0x0e000000)
  eden space 122880K,   0% used [0x04a00000, 0x04a00000, 0x0c200000)
  from space 15360K,   0% used [0x0c200000, 0x0c200448, 0x0d100000)
  to   space 15360K,   0% used [0x0d100000, 0x0d100000, 0x0e000000)
 tenured generation   total 307200K, used 279534K [0x0e000000, 0x20c00000, 0x20c00000)
   the space 307200K,  90% used [0x0e000000, 0x1f0fb958, 0x1f0fba00, 0x20c00000)
 Metaspace       used 35381K, capacity 36064K, committed 36096K, reserved 36224K
}
Event: 2415.613 GC heap before
{Heap before GC invocations=366 (full 43):
 def new generation   total 138240K, used 122881K [0x04a00000, 0x0e000000, 0x0e000000)
  eden space 122880K, 100% used [0x04a00000, 0x0c200000, 0x0c200000)
  from space 15360K,   0% used [0x0c200000, 0x0c200448, 0x0d100000)
  to   space 15360K,   0% used [0x0d100000, 0x0d100000, 0x0e000000)
 tenured generation   total 307200K, used 279534K [0x0e000000, 0x20c00000, 0x20c00000)
   the space 307200K,  90% used [0x0e000000, 0x1f0fb958, 0x1f0fba00, 0x20c00000)
 Metaspace       used 35381K, capacity 36064K, committed 36096K, reserved 36224K
Event: 2415.617 GC heap after
Heap after GC invocations=367 (full 43):
 def new generation   total 138240K, used 1K [0x04a00000, 0x0e000000, 0x0e000000)
  eden space 122880K,   0% used [0x04a00000, 0x04a00000, 0x0c200000)
  from space 15360K,   0% used [0x0d100000, 0x0d1006e0, 0x0e000000)
  to   space 15360K,   0% used [0x0c200000, 0x0c200000, 0x0d100000)
 tenured generation   total 307200K, used 279534K [0x0e000000, 0x20c00000, 0x20c00000)
   the space 307200K,  90% used [0x0e000000, 0x1f0fb958, 0x1f0fba00, 0x20c00000)
 Metaspace       used 35381K, capacity 36064K, committed 36096K, reserved 36224K
}
Event: 2422.234 GC heap before
{Heap before GC invocations=367 (full 43):
 def new generation   total 138240K, used 122881K [0x04a00000, 0x0e000000, 0x0e000000)
  eden space 122880K, 100% used [0x04a00000, 0x0c200000, 0x0c200000)
  from space 15360K,   0% used [0x0d100000, 0x0d1006e0, 0x0e000000)
  to   space 15360K,   0% used [0x0c200000, 0x0c200000, 0x0d100000)
 tenured generation   total 307200K, used 279534K [0x0e000000, 0x20c00000, 0x20c00000)
   the space 307200K,  90% used [0x0e000000, 0x1f0fb958, 0x1f0fba00, 0x20c00000)
 Metaspace       used 35381K, capacity 36064K, committed 36096K, reserved 36224K
Event: 2422.237 GC heap after
Heap after GC invocations=368 (full 43):
 def new generation   total 138240K, used 1K [0x04a00000, 0x0e000000, 0x0e000000)
  eden space 122880K,   0% used [0x04a00000, 0x04a00000, 0x0c200000)
  from space 15360K,   0% used [0x0c200000, 0x0c200448, 0x0d100000)
  to   space 15360K,   0% used [0x0d100000, 0x0d100000, 0x0e000000)
 tenured generation   total 307200K, used 279534K [0x0e000000, 0x20c00000, 0x20c00000)
   the space 307200K,  90% used [0x0e000000, 0x1f0fb958, 0x1f0fba00, 0x20c00000)
 Metaspace       used 35381K, capacity 36064K, committed 36096K, reserved 36224K
}

